[2025-03-07 13:42:00] Клиент: Подключен к серверу 127.0.0.1:5555
[2025-03-07 14:42:53] 
[2025-03-07 14:42:53] ------
[2025-03-07 14:42:53] Подключен к серверу 127.0.0.1:5555
[2025-03-07 14:43:00] Неизвестный ответ при авторизации: 
[2025-03-07 14:44:10] 
[2025-03-07 14:44:10] ------
[2025-03-07 14:44:10] Подключен к серверу 127.0.0.1:5555
[2025-03-07 14:50:54] Неизвестный ответ при авторизации: 
[2025-03-07 14:51:52] 
[2025-03-07 14:51:52] ------
[2025-03-07 14:51:52] Подключен к серверу 127.0.0.1:5555
[2025-03-07 14:58:07] Неизвестный ответ при авторизации: 
[2025-03-07 15:01:04] 
[2025-03-07 15:01:04] ------
[2025-03-07 15:01:04] Подключен к серверу 127.0.0.1:5555
[2025-03-07 15:04:51] 
[2025-03-07 15:04:51] ------
[2025-03-07 15:04:51] Подключен к серверу 127.0.0.1:5555
[2025-03-07 15:05:05] Неизвестный ответ при авторизации: 
[2025-03-07 15:08:23] 
[2025-03-07 15:08:23] ------
[2025-03-07 15:08:23] Подключен к серверу 127.0.0.1:5555
[2025-03-07 15:08:23] Авторизация успешна
[2025-03-07 15:09:21] 
[2025-03-07 15:09:21] ------
[2025-03-07 15:09:21] Подключен к серверу 127.0.0.1:5555
[2025-03-07 15:09:21] Авторизация успешна
[2025-03-07 15:09:53] Соединение прервано
[2025-03-07 15:09:53] Работа завершена
[2025-03-07 15:09:57] 
[2025-03-07 15:09:57] ------
[2025-03-07 15:09:57] Подключен к серверу 127.0.0.1:5555
[2025-03-07 15:09:57] Авторизация успешна
[2025-03-07 15:10:13] 
[2025-03-07 15:10:13] ------
[2025-03-07 15:10:13] Подключен к серверу 127.0.0.1:5555
[2025-03-07 15:10:13] Авторизация успешна
[2025-03-07 15:12:01] Клиент: Получено сообщение о победе O
[2025-03-07 15:12:01] Работа завершена
[2025-03-23 14:25:03] 
[2025-03-23 14:25:03] ------
[2025-03-23 14:25:03] Подключен к серверу 127.0.0.1:5555
[2025-03-23 14:25:03] Авторизация не удалась
[2025-03-23 14:42:21] 
[2025-03-23 14:42:21] ------
[2025-03-23 14:42:21] Подключен к серверу 127.0.0.1:5555
[2025-03-23 14:42:21] Авторизация не удалась
[2025-03-23 14:43:03] 
[2025-03-23 14:43:03] ------
[2025-03-23 14:43:03] Подключен к серверу 127.0.0.1:5555
[2025-03-23 14:43:03] Авторизация успешна
[2025-03-23 14:43:50] Соединение прервано
[2025-03-23 14:43:50] Работа завершена
[2025-03-23 14:43:57] 
[2025-03-23 14:43:57] ------
[2025-03-23 14:43:57] Подключен к серверу 127.0.0.1:5555
[2025-03-23 14:43:57] Авторизация успешна
[2025-03-23 14:44:22] Клиент: Получено сообщение о победе X
[2025-03-23 14:44:22] Работа завершена
[2025-03-23 14:45:06] 
[2025-03-23 14:45:06] ------
[2025-03-23 14:45:06] Подключен к серверу 127.0.0.1:5555
[2025-03-23 14:45:06] Авторизация успешна
[2025-03-23 14:47:11] Соединение прервано
[2025-03-23 14:47:11] Работа завершена
[2025-03-23 15:18:10] 
[2025-03-23 15:18:10] ------
[2025-03-23 15:18:10] Подключен к серверу 127.0.0.1:5555
[2025-03-23 15:18:10] Авторизация не удалась
[2025-03-23 15:18:22] 
[2025-03-23 15:18:22] ------
[2025-03-23 15:18:22] Подключен к серверу 127.0.0.1:5555
[2025-03-23 15:18:22] Авторизация не удалась
[2025-03-23 15:18:27] 
[2025-03-23 15:18:27] ------
[2025-03-23 15:18:27] Подключен к серверу 127.0.0.1:5555
[2025-03-23 15:18:27] Авторизация успешна
[2025-03-23 15:18:37] Игра завершена: проигрыш по таймауту
[2025-03-23 15:18:37] Работа завершена
[2025-03-23 15:21:31] 
[2025-03-23 15:21:31] ------
[2025-03-23 15:21:31] Подключен к серверу 127.0.0.1:5555
[2025-03-23 15:21:31] Авторизация успешна
[2025-03-23 15:21:41] Непредвиденное сообщение: TIMEOUT_WIN
[2025-03-23 15:21:41] Соединение прервано
[2025-03-23 15:21:41] Работа завершена
[2025-03-23 15:22:00] 
[2025-03-23 15:22:00] ------
[2025-03-23 15:22:00] Подключен к серверу 127.0.0.1:5555
[2025-03-23 15:22:00] Авторизация успешна
[2025-03-23 15:22:22] Непредвиденное сообщение: TIMEOUT_WIN
[2025-03-23 15:22:22] Соединение прервано
[2025-03-23 15:22:22] Работа завершена
[2025-03-23 15:22:34] 
[2025-03-23 15:22:34] ------
[2025-03-23 15:22:34] Подключен к серверу 127.0.0.1:5555
[2025-03-23 15:22:34] Авторизация успешна
[2025-03-23 15:22:58] Соединение прервано
[2025-03-23 15:22:58] Работа завершена
[2025-03-23 15:31:03] 
[2025-03-23 15:31:03] ------
[2025-03-23 15:31:03] Подключен к серверу 127.0.0.1:5555
[2025-03-23 15:31:03] Авторизация не удалась
[2025-03-23 15:31:50] 
[2025-03-23 15:31:50] ------
[2025-03-23 15:31:50] Подключен к серверу 127.0.0.1:5555
[2025-03-23 15:31:50] Авторизация успешна
[2025-03-23 15:32:46] Клиент: Получено сообщение о победе X
[2025-03-23 15:32:46] Работа завершена
[2025-03-23 15:35:23] 
[2025-03-23 15:35:23] ------
[2025-03-23 15:35:23] Подключен к серверу 127.0.0.1:5555
[2025-03-23 15:35:23] Авторизация успешна
[2025-03-23 15:35:35] Клиент: Получено сообщение о победе X
[2025-03-23 15:35:35] Работа завершена
[2025-03-23 15:35:41] 
[2025-03-23 15:35:41] ------
[2025-03-23 15:35:41] Подключен к серверу 127.0.0.1:5555
[2025-03-23 15:35:41] Авторизация успешна
[2025-03-23 15:36:13] Клиент: Получено сообщение о победе X
[2025-03-23 15:36:13] Работа завершена
[2025-03-23 15:36:18] 
[2025-03-23 15:36:18] ------
[2025-03-23 15:36:18] Подключен к серверу 127.0.0.1:5555
[2025-03-23 15:36:18] Авторизация успешна
[2025-03-23 15:36:50] Игра завершена: ничья
[2025-03-23 15:36:50] Работа завершена
[2025-03-23 15:46:18] 
[2025-03-23 15:46:18] ------
[2025-03-23 15:46:18] Подключен к серверу 127.0.0.1:5555
[2025-03-23 15:46:18] Авторизация успешна
[2025-03-23 15:46:31] Непредвиденное сообщение: TIMEOUT_WIN
[2025-03-23 15:46:31] Работа завершена
[2025-03-23 15:47:40] 
[2025-03-23 15:47:40] ------
[2025-03-23 15:47:40] Подключен к серверу 127.0.0.1:5555
[2025-03-23 15:47:40] Авторизация успешна
[2025-03-23 15:47:53] Игра завершена: выигрыш по таймауту
[2025-03-23 15:47:53] Работа завершена
[2025-03-23 16:03:52] 
[2025-03-23 16:03:52] ------
[2025-03-23 16:03:52] Подключен к серверу 127.0.0.1:5555
[2025-03-23 16:03:52] Ответ авторизации: OK
[2025-03-23 16:04:04] Клиент: Получено сообщение о победе X
[2025-03-23 16:04:04] Работа завершена
[2025-03-23 16:12:14] 
[2025-03-23 16:12:14] ------
[2025-03-23 16:12:14] Подключен к серверу 127.0.0.1:5555
[2025-03-23 16:12:14] Ответ авторизации: OK
[2025-03-23 16:12:37] Игра завершена: проигрыш по таймауту
[2025-03-23 16:12:37] Работа завершена
[2025-03-23 16:15:17] 
[2025-03-23 16:15:17] ------
[2025-03-23 16:15:17] Подключен к серверу 127.0.0.1:5555
[2025-03-23 16:15:17] Ответ авторизации: OK
[2025-03-23 16:15:24] Соединение прервано
[2025-03-23 16:15:24] Работа завершена
[2025-03-23 16:21:57] 
[2025-03-23 16:21:57] ------
[2025-03-23 16:21:57] Подключен к серверу 127.0.0.1:5555
[2025-03-23 16:21:57] Ответ авторизации: OK
[2025-03-23 16:21:59] Соединение прервано
[2025-03-23 16:21:59] Работа завершена
[2025-03-23 16:24:17] 
[2025-03-23 16:24:17] ------
[2025-03-23 16:24:17] Подключен к серверу 127.0.0.1:5555
[2025-03-23 16:24:17] Ответ авторизации: OK
[2025-03-23 16:24:32] Клиент: Получено сообщение о победе X
[2025-03-23 16:24:32] Работа завершена
[2025-03-23 16:24:49] 
[2025-03-23 16:24:49] ------
[2025-03-23 16:24:49] Подключен к серверу 127.0.0.1:5555
[2025-03-23 16:24:49] Ответ авторизации: OK
[2025-03-23 16:25:13] Игра завершена: проигрыш по таймауту
[2025-03-23 16:25:13] Работа завершена
[2025-04-24 17:41:42] 
[2025-04-24 17:41:42] ------
[2025-04-24 17:41:42] Подключен к серверу 127.0.0.1:5555
[2025-04-24 17:41:42] Ответ авторизации: OK
[2025-04-24 17:41:52] Игра завершена: выигрыш по таймауту
[2025-04-24 17:41:52] Работа завершена
[2025-04-24 18:31:45] 
[2025-04-24 18:31:45] ------
[2025-04-24 18:31:45] Подключен к серверу 127.0.0.1:5555
[2025-04-24 18:31:45] Ответ авторизации: OK
[2025-04-24 18:32:21] Клиент: Получено сообщение о победе O
[2025-04-24 18:32:21] Работа завершена
[2025-04-25 12:12:51] 
[2025-04-25 12:12:51] ------
[2025-04-25 12:12:51] Подключен к серверу 127.0.0.1:5555
[2025-04-25 12:12:51] Ответ авторизации: FAIL
[2025-04-25 12:13:07] 
[2025-04-25 12:13:07] ------
[2025-04-25 12:13:07] Подключен к серверу 127.0.0.1:5555
[2025-04-25 12:13:07] Ответ авторизации: OK
[2025-04-25 12:14:23] Клиент: Получено сообщение о победе X
[2025-04-25 12:14:23] Работа завершена
[2025-04-25 12:16:01] 
[2025-04-25 12:16:01] ------
[2025-04-25 12:16:01] Подключен к серверу 127.0.0.1:5555
[2025-04-25 12:16:01] Ответ авторизации: OK
[2025-04-25 12:16:11] Игра завершена: выигрыш по таймауту
[2025-04-25 12:16:11] Работа завершена
[2025-04-25 12:34:45] 
[2025-04-25 12:34:45] ------
[2025-04-25 12:34:45] Подключен к серверу 127.0.0.1:5555
[2025-04-25 12:34:45] Ответ авторизации: OK
[2025-04-25 12:35:42] Игра завершена: ничья
[2025-04-25 12:35:42] Работа завершена
[2025-04-25 12:35:42] 
[2025-04-25 12:35:42] ------
[2025-04-25 12:35:42] Ошибка подключения к серверу
[2025-04-25 13:52:05] 
[2025-04-25 13:52:05] ------
[2025-04-25 13:52:05] Подключен к серверу 127.0.0.1:5555
[2025-04-25 13:52:05] Ответ авторизации: OK
[2025-04-25 13:52:41] Игра завершена: выигрыш по таймауту
[2025-04-25 13:52:41] Работа завершена
[2025-04-25 13:53:15] 
[2025-04-25 13:53:15] ------
[2025-04-25 13:53:15] Подключен к серверу 127.0.0.1:5555
[2025-04-25 13:53:15] Ответ авторизации: OK
[2025-04-25 13:53:45] Игра завершена: выигрыш по таймауту
[2025-04-25 13:53:45] Работа завершена
[2025-04-25 17:16:39] 
[2025-04-25 17:16:39] ------
[2025-04-25 17:16:39] Подключен к серверу 127.0.0.1:5555
[2025-04-25 17:16:39] Ответ авторизации: FAIL
[2025-04-25 17:16:46] 
[2025-04-25 17:16:46] ------
[2025-04-25 17:16:46] Подключен к серверу 127.0.0.1:5555
[2025-04-25 17:16:46] Ответ авторизации: OK
[2025-04-25 17:17:19] Клиент: Получено сообщение о победе X
[2025-04-25 17:17:19] Работа завершена
