[2025-03-07 13:41:54] Клиент: Подключен к серверу 127.0.0.1:5555
[2025-03-07 14:25:58] 
[2025-03-07 14:25:58] ------
[2025-03-07 14:25:58] Клиент: Подключен к серверу 127.0.0.1:5555
[2025-03-07 14:41:36] 
[2025-03-07 14:41:36] ------
[2025-03-07 14:41:36] Подключен к серверу 127.0.0.1:5555
[2025-03-07 14:42:06] 
[2025-03-07 14:42:06] ------
[2025-03-07 14:42:06] Подключен к серверу 127.0.0.1:5555
[2025-03-07 14:42:55] 
[2025-03-07 14:42:55] ------
[2025-03-07 14:42:55] Подключен к серверу 127.0.0.1:5555
[2025-03-07 14:43:00] Неизвестный ответ при авторизации: 
[2025-03-07 14:43:00] Неизвестный ответ при авторизации: 
[2025-03-07 14:43:09] 
[2025-03-07 14:43:09] ------
[2025-03-07 14:43:09] Подключен к серверу 127.0.0.1:5555
[2025-03-07 14:50:54] Неизвестный ответ при авторизации: 
[2025-03-07 14:51:50] 
[2025-03-07 14:51:50] ------
[2025-03-07 14:51:50] Подключен к серверу 127.0.0.1:5555
[2025-03-07 14:58:07] Неизвестный ответ при авторизации: 
[2025-03-07 15:00:52] 
[2025-03-07 15:00:52] ------
[2025-03-07 15:00:52] Подключен к серверу 127.0.0.1:5555
[2025-03-07 15:02:13] 
[2025-03-07 15:02:13] ------
[2025-03-07 15:02:13] Подключен к серверу 127.0.0.1:5555
[2025-03-07 15:04:41] 
[2025-03-07 15:04:41] ------
[2025-03-07 15:04:41] Подключен к серверу 127.0.0.1:5555
[2025-03-07 15:04:41] Авторизация успешна
[2025-03-07 15:05:05] Соединение прервано
[2025-03-07 15:05:05] Работа завершена
[2025-03-07 15:05:31] 
[2025-03-07 15:05:31] ------
[2025-03-07 15:05:31] Подключен к серверу 127.0.0.1:5555
[2025-03-07 15:08:21] 
[2025-03-07 15:08:21] ------
[2025-03-07 15:08:21] Подключен к серверу 127.0.0.1:5555
[2025-03-07 15:08:21] Авторизация успешна
[2025-03-07 15:09:11] Соединение прервано
[2025-03-07 15:09:11] Работа завершена
[2025-03-07 15:09:20] 
[2025-03-07 15:09:20] ------
[2025-03-07 15:09:20] Подключен к серверу 127.0.0.1:5555
[2025-03-07 15:09:20] Авторизация успешна
[2025-03-07 15:09:56] 
[2025-03-07 15:09:56] ------
[2025-03-07 15:09:56] Подключен к серверу 127.0.0.1:5555
[2025-03-07 15:09:56] Авторизация успешна
[2025-03-07 15:10:07] Соединение прервано
[2025-03-07 15:10:07] Работа завершена
[2025-03-07 15:10:11] 
[2025-03-07 15:10:11] ------
[2025-03-07 15:10:11] Подключен к серверу 127.0.0.1:5555
[2025-03-07 15:10:11] Авторизация успешна
[2025-03-07 15:12:01] Клиент: Получено сообщение о победе O
[2025-03-07 15:12:01] Работа завершена
[2025-03-23 14:24:41] 
[2025-03-23 14:24:41] ------
[2025-03-23 14:24:41] Подключен к серверу 127.0.0.1:5555
[2025-03-23 14:24:41] Авторизация успешна
[2025-03-23 14:25:03] Соединение прервано
[2025-03-23 14:25:03] Работа завершена
[2025-03-23 14:27:51] 
[2025-03-23 14:27:51] ------
[2025-03-23 14:27:51] Подключен к серверу 127.0.0.1:5555
[2025-03-23 14:27:51] Авторизация успешна
[2025-03-23 14:28:17] Соединение прервано
[2025-03-23 14:28:17] Работа завершена
[2025-03-23 14:29:30] 
[2025-03-23 14:29:30] ------
[2025-03-23 14:29:30] Подключен к серверу 127.0.0.1:5555
[2025-03-23 14:29:30] Авторизация успешна
[2025-03-23 14:30:18] Соединение прервано
[2025-03-23 14:30:18] Работа завершена
[2025-03-23 14:42:06] 
[2025-03-23 14:42:06] ------
[2025-03-23 14:42:06] Подключен к серверу 127.0.0.1:5555
[2025-03-23 14:42:06] Авторизация успешна
[2025-03-23 14:42:21] Соединение прервано
[2025-03-23 14:42:21] Работа завершена
[2025-03-23 14:43:01] 
[2025-03-23 14:43:01] ------
[2025-03-23 14:43:01] Подключен к серверу 127.0.0.1:5555
[2025-03-23 14:43:01] Авторизация успешна
[2025-03-23 14:43:50] Соединение прервано
[2025-03-23 14:43:50] Работа завершена
[2025-03-23 14:43:54] 
[2025-03-23 14:43:54] ------
[2025-03-23 14:43:54] Подключен к серверу 127.0.0.1:5555
[2025-03-23 14:43:54] Авторизация успешна
[2025-03-23 14:44:22] Клиент: Получено сообщение о победе X
[2025-03-23 14:44:22] Работа завершена
[2025-03-23 14:45:05] 
[2025-03-23 14:45:05] ------
[2025-03-23 14:45:05] Подключен к серверу 127.0.0.1:5555
[2025-03-23 14:45:05] Авторизация успешна
[2025-03-23 15:17:42] 
[2025-03-23 15:17:42] ------
[2025-03-23 15:17:42] Подключен к серверу 127.0.0.1:5555
[2025-03-23 15:17:42] Авторизация успешна
[2025-03-23 15:18:44] Игра завершена: проигрыш по таймауту
[2025-03-23 15:18:44] Работа завершена
[2025-03-23 15:21:29] 
[2025-03-23 15:21:29] ------
[2025-03-23 15:21:29] Подключен к серверу 127.0.0.1:5555
[2025-03-23 15:21:29] Авторизация успешна
[2025-03-23 15:21:44] Игра завершена: проигрыш по таймауту
[2025-03-23 15:21:44] Работа завершена
[2025-03-23 15:21:59] 
[2025-03-23 15:21:59] ------
[2025-03-23 15:21:59] Подключен к серверу 127.0.0.1:5555
[2025-03-23 15:21:59] Авторизация успешна
[2025-03-23 15:22:24] Игра завершена: проигрыш по таймауту
[2025-03-23 15:22:24] Работа завершена
[2025-03-23 15:22:30] 
[2025-03-23 15:22:30] ------
[2025-03-23 15:22:30] Подключен к серверу 127.0.0.1:5555
[2025-03-23 15:22:30] Авторизация успешна
[2025-03-23 15:30:58] 
[2025-03-23 15:30:58] ------
[2025-03-23 15:30:58] Подключен к серверу 127.0.0.1:5555
[2025-03-23 15:30:58] Авторизация успешна
[2025-03-23 15:31:12] 
[2025-03-23 15:31:12] ------
[2025-03-23 15:31:12] Подключен к серверу 127.0.0.1:5555
[2025-03-23 15:31:12] Авторизация успешна
[2025-03-23 15:31:48] 
[2025-03-23 15:31:48] ------
[2025-03-23 15:31:48] Подключен к серверу 127.0.0.1:5555
[2025-03-23 15:31:48] Авторизация успешна
[2025-03-23 15:32:46] Клиент: Получено сообщение о победе X
[2025-03-23 15:32:46] Работа завершена
[2025-03-23 15:32:55] 
[2025-03-23 15:32:55] ------
[2025-03-23 15:32:55] Подключен к серверу 127.0.0.1:5555
[2025-03-23 15:32:55] Авторизация успешна
[2025-03-23 15:35:15] Соединение прервано
[2025-03-23 15:35:15] Работа завершена
[2025-03-23 15:35:21] 
[2025-03-23 15:35:21] ------
[2025-03-23 15:35:21] Подключен к серверу 127.0.0.1:5555
[2025-03-23 15:35:21] Авторизация успешна
[2025-03-23 15:35:35] Клиент: Получено сообщение о победе X
[2025-03-23 15:35:35] Работа завершена
[2025-03-23 15:35:41] 
[2025-03-23 15:35:41] ------
[2025-03-23 15:35:41] Подключен к серверу 127.0.0.1:5555
[2025-03-23 15:35:41] Авторизация успешна
[2025-03-23 15:36:13] Клиент: Получено сообщение о победе X
[2025-03-23 15:36:13] Работа завершена
[2025-03-23 15:36:17] 
[2025-03-23 15:36:17] ------
[2025-03-23 15:36:17] Подключен к серверу 127.0.0.1:5555
[2025-03-23 15:36:17] Авторизация успешна
[2025-03-23 15:36:50] Игра завершена: ничья
[2025-03-23 15:36:50] Работа завершена
[2025-03-23 15:46:16] 
[2025-03-23 15:46:16] ------
[2025-03-23 15:46:16] Подключен к серверу 127.0.0.1:5555
[2025-03-23 15:46:16] Авторизация успешна
[2025-03-23 15:46:31] Игра завершена: проигрыш по таймауту
[2025-03-23 15:46:31] Работа завершена
[2025-03-23 15:47:39] 
[2025-03-23 15:47:39] ------
[2025-03-23 15:47:39] Подключен к серверу 127.0.0.1:5555
[2025-03-23 15:47:39] Авторизация успешна
[2025-03-23 15:48:00] Игра завершена: проигрыш по таймауту
[2025-03-23 15:48:00] Работа завершена
[2025-03-23 15:59:05] 
[2025-03-23 15:59:05] ------
[2025-03-23 15:59:05] Подключен к серверу 127.0.0.1:5555
[2025-03-23 15:59:05] Авторизация успешна
[2025-03-23 16:03:25] Соединение прервано
[2025-03-23 16:03:25] Работа завершена
[2025-03-23 16:03:43] 
[2025-03-23 16:03:43] ------
[2025-03-23 16:03:43] Ошибка подключения к серверу
[2025-03-23 16:03:50] 
[2025-03-23 16:03:50] ------
[2025-03-23 16:03:50] Подключен к серверу 127.0.0.1:5555
[2025-03-23 16:03:50] Ответ авторизации: OK
[2025-03-23 16:04:04] Клиент: Получено сообщение о победе X
[2025-03-23 16:04:04] Работа завершена
[2025-03-23 16:12:09] 
[2025-03-23 16:12:09] ------
[2025-03-23 16:12:09] Подключен к серверу 127.0.0.1:5555
[2025-03-23 16:12:09] Ответ авторизации: OK
[2025-03-23 16:12:23] 
[2025-03-23 16:12:23] ------
[2025-03-23 16:12:23] Подключен к серверу 127.0.0.1:5555
[2025-03-23 16:12:23] Ответ авторизации: OK
[2025-03-23 16:12:33] Игра завершена: выигрыш по таймауту
[2025-03-23 16:12:33] Работа завершена
[2025-03-23 16:15:08] 
[2025-03-23 16:15:08] ------
[2025-03-23 16:15:08] Подключен к серверу 127.0.0.1:5555
[2025-03-23 16:15:08] Ответ авторизации: OK
[2025-03-23 16:15:10] 
[2025-03-23 16:15:10] ------
[2025-03-23 16:15:10] Подключен к серверу 127.0.0.1:5555
[2025-03-23 16:15:10] Ответ авторизации: OK
[2025-03-23 16:15:10] Соединение прервано
[2025-03-23 16:15:10] Работа завершена
[2025-03-23 16:15:11] 
[2025-03-23 16:15:11] ------
[2025-03-23 16:15:11] Подключен к серверу 127.0.0.1:5555
[2025-03-23 16:15:11] Ответ авторизации: OK
[2025-03-23 16:15:21] 
[2025-03-23 16:15:21] ------
[2025-03-23 16:15:21] Подключен к серверу 127.0.0.1:5555
[2025-03-23 16:15:21] Ответ авторизации: OK
[2025-03-23 16:18:44] 
[2025-03-23 16:18:44] ------
[2025-03-23 16:18:44] Подключен к серверу 127.0.0.1:5555
[2025-03-23 16:18:44] Ответ авторизации: OK
[2025-03-23 16:18:46] 
[2025-03-23 16:18:46] ------
[2025-03-23 16:18:46] Подключен к серверу 127.0.0.1:5555
[2025-03-23 16:18:46] Ответ авторизации: OK
[2025-03-23 16:18:46] Соединение прервано
[2025-03-23 16:18:46] Работа завершена
[2025-03-23 16:19:55] 
[2025-03-23 16:19:55] ------
[2025-03-23 16:19:55] Подключен к серверу 127.0.0.1:5555
[2025-03-23 16:19:55] Ответ авторизации: OK
[2025-03-23 16:19:59] Соединение прервано
[2025-03-23 16:19:59] Работа завершена
[2025-03-23 16:21:30] 
[2025-03-23 16:21:30] ------
[2025-03-23 16:21:30] Подключен к серверу 127.0.0.1:5555
[2025-03-23 16:21:30] Ответ авторизации: OK
[2025-03-23 16:21:52] Соединение прервано
[2025-03-23 16:21:52] Работа завершена
[2025-03-23 16:21:56] 
[2025-03-23 16:21:56] ------
[2025-03-23 16:21:56] Подключен к серверу 127.0.0.1:5555
[2025-03-23 16:21:56] Ответ авторизации: OK
[2025-03-23 16:22:02] 
[2025-03-23 16:22:02] ------
[2025-03-23 16:22:02] Подключен к серверу 127.0.0.1:5555
[2025-03-23 16:22:02] Ответ авторизации: OK
[2025-03-23 16:22:04] 
[2025-03-23 16:22:04] ------
[2025-03-23 16:22:04] Подключен к серверу 127.0.0.1:5555
[2025-03-23 16:22:04] Ответ авторизации: OK
[2025-03-23 16:22:04] Соединение прервано
[2025-03-23 16:22:04] Работа завершена
[2025-03-23 16:22:06] 
[2025-03-23 16:22:06] ------
[2025-03-23 16:22:06] Подключен к серверу 127.0.0.1:5555
[2025-03-23 16:22:06] Ответ авторизации: OK
[2025-03-23 16:22:10] 
[2025-03-23 16:22:10] ------
[2025-03-23 16:22:10] Подключен к серверу 127.0.0.1:5555
[2025-03-23 16:22:10] Ответ авторизации: OK
[2025-03-23 16:22:10] Соединение прервано
[2025-03-23 16:22:10] Работа завершена
[2025-03-23 16:22:18] 
[2025-03-23 16:22:18] ------
[2025-03-23 16:22:18] Подключен к серверу 127.0.0.1:5555
[2025-03-23 16:22:18] Ответ авторизации: OK
[2025-03-23 16:22:22] 
[2025-03-23 16:22:22] ------
[2025-03-23 16:22:22] Подключен к серверу 127.0.0.1:5555
[2025-03-23 16:22:22] Ответ авторизации: OK
[2025-03-23 16:22:22] Соединение прервано
[2025-03-23 16:22:22] Работа завершена
[2025-03-23 16:24:15] 
[2025-03-23 16:24:15] ------
[2025-03-23 16:24:15] Подключен к серверу 127.0.0.1:5555
[2025-03-23 16:24:15] Ответ авторизации: OK
[2025-03-23 16:24:32] Клиент: Получено сообщение о победе X
[2025-03-23 16:24:32] Работа завершена
[2025-03-23 16:24:38] 
[2025-03-23 16:24:38] ------
[2025-03-23 16:24:38] Подключен к серверу 127.0.0.1:5555
[2025-03-23 16:24:38] Ответ авторизации: OK
[2025-03-23 16:24:39] 
[2025-03-23 16:24:39] ------
[2025-03-23 16:24:39] Подключен к серверу 127.0.0.1:5555
[2025-03-23 16:24:39] Ответ авторизации: OK
[2025-03-23 16:24:39] Соединение прервано
[2025-03-23 16:24:39] Работа завершена
[2025-03-23 16:24:41] 
[2025-03-23 16:24:41] ------
[2025-03-23 16:24:41] Подключен к серверу 127.0.0.1:5555
[2025-03-23 16:24:41] Ответ авторизации: OK
[2025-03-23 16:24:51] 
[2025-03-23 16:24:51] ------
[2025-03-23 16:24:51] Подключен к серверу 127.0.0.1:5555
[2025-03-23 16:24:51] Ответ авторизации: OK
[2025-03-23 16:25:11] Игра завершена: выигрыш по таймауту
[2025-03-23 16:25:11] Работа завершена
[2025-04-24 17:40:54] 
[2025-04-24 17:40:54] ------
[2025-04-24 17:40:54] Подключен к серверу 127.0.0.1:5555
[2025-04-24 17:40:54] Ответ авторизации: OK
[2025-04-24 17:41:55] Игра завершена: проигрыш по таймауту
[2025-04-24 17:41:55] Работа завершена
[2025-04-24 18:31:35] 
[2025-04-24 18:31:35] ------
[2025-04-24 18:31:35] Подключен к серверу 127.0.0.1:5555
[2025-04-24 18:31:35] Ответ авторизации: OK
[2025-04-24 18:32:21] Клиент: Получено сообщение о победе O
[2025-04-24 18:32:21] Работа завершена
[2025-04-25 12:12:39] 
[2025-04-25 12:12:39] ------
[2025-04-25 12:12:39] Подключен к серверу 127.0.0.1:5555
[2025-04-25 12:12:39] Ответ авторизации: OK
[2025-04-25 12:14:23] Клиент: Получено сообщение о победе X
[2025-04-25 12:14:23] Работа завершена
[2025-04-25 12:15:56] 
[2025-04-25 12:15:56] ------
[2025-04-25 12:15:56] Подключен к серверу 127.0.0.1:5555
[2025-04-25 12:15:56] Ответ авторизации: OK
[2025-04-25 12:16:20] Игра завершена: проигрыш по таймауту
[2025-04-25 12:16:20] Работа завершена
[2025-04-25 12:34:40] 
[2025-04-25 12:34:40] ------
[2025-04-25 12:34:40] Подключен к серверу 127.0.0.1:5555
[2025-04-25 12:34:40] Ответ авторизации: OK
[2025-04-25 12:35:42] Игра завершена: ничья
[2025-04-25 12:35:42] Работа завершена
[2025-04-25 12:35:42] 
[2025-04-25 12:35:42] ------
[2025-04-25 12:35:42] Ошибка подключения к серверу
[2025-04-25 13:52:00] 
[2025-04-25 13:52:00] ------
[2025-04-25 13:52:00] Подключен к серверу 127.0.0.1:5555
[2025-04-25 13:52:00] Ответ авторизации: OK
[2025-04-25 13:52:50] Игра завершена: проигрыш по таймауту
[2025-04-25 13:52:50] Работа завершена
[2025-04-25 13:53:02] 
[2025-04-25 13:53:02] ------
[2025-04-25 13:53:02] Подключен к серверу 127.0.0.1:5555
[2025-04-25 13:53:02] Ответ авторизации: OK
[2025-04-25 17:16:14] 
[2025-04-25 17:16:14] ------
[2025-04-25 17:16:14] Подключен к серверу 127.0.0.1:5555
[2025-04-25 17:16:14] Ответ авторизации: OK
[2025-04-25 17:17:19] Клиент: Получено сообщение о победе X
[2025-04-25 17:17:19] Работа завершена
